<?xml version="1.0" encoding="UTF-8"?>
<!-- Generated by org.testng.reporters.JUnitReportReporter -->
<testsuite hostname="LAPTOP-NU2OIKE2" failures="0" tests="1" name="Scripts.DropDownTest" time="6.913" errors="0" timestamp="2023-01-13T21:32:43 EST" skipped="0">
  <testcase classname="Scripts.DropDownTest" name="Drpdwn" time="6.913"/>
  <system-out/>
</testsuite> <!-- Scripts.DropDownTest -->
