<?xml version="1.0" encoding="UTF-8"?>
<!-- Generated by org.testng.reporters.JUnitReportReporter -->
<testsuite hostname="LAPTOP-NU2OIKE2" failures="0" tests="1" name="Scripts.AddRemove" time="7.366" errors="0" timestamp="2023-01-09T22:11:39 EST" skipped="0">
  <testcase classname="Scripts.AddRemove" name="Test1" time="7.366"/>
  <system-out/>
</testsuite> <!-- Scripts.AddRemove -->
