<?xml version="1.0" encoding="UTF-8"?>
<!-- Generated by org.testng.reporters.JUnitReportReporter -->
<testsuite hostname="LAPTOP-NU2OIKE2" failures="0" tests="1" name="Scripts.test_Upload" time="7.614" errors="0" timestamp="2023-01-09T22:11:39 EST" skipped="0">
  <testcase classname="Scripts.test_Upload" name="Test1" time="7.614"/>
  <system-out/>
</testsuite> <!-- Scripts.test_Upload -->
