<?xml version="1.0" encoding="UTF-8"?>
<!-- Generated by org.testng.reporters.JUnitReportReporter -->
<testsuite hostname="LAPTOP-NU2OIKE2" failures="0" tests="1" name="Scripts.AddRemove" time="6.989" errors="0" timestamp="2023-01-08T02:49:58 EST" skipped="0">
  <testcase classname="Scripts.AddRemove" name="Test1" time="6.989"/>
  <system-out/>
</testsuite> <!-- Scripts.AddRemove -->
